metis_android/app/build/intermediates/manifest_merge_blame_file/release/manifest-merger-blame-release-report.txt
1<?xml version="1.0" encoding="utf-8"?>
2<manifest xmlns:android="http://schemas.android.com/apk/res/android"
3    package="com.metis.agent"
4    android:versionCode="1"
5    android:versionName="1.0" >
6
7    <uses-sdk
8        android:minSdkVersion="26"
9        android:targetSdkVersion="34" />
10
11    <!-- Audio & Voice Permissions -->
12    <uses-permission android:name="android.permission.RECORD_AUDIO" />
12-->src\main\AndroidManifest.xml:5:5-71
12-->src\main\AndroidManifest.xml:5:22-68
13    <uses-permission android:name="android.permission.MODIFY_AUDIO_SETTINGS" />
13-->src\main\AndroidManifest.xml:6:5-80
13-->src\main\AndroidManifest.xml:6:22-77
14
15    <!-- Phone & Cellular Permissions -->
16    <uses-permission android:name="android.permission.CALL_PHONE" />
16-->src\main\AndroidManifest.xml:9:5-69
16-->src\main\AndroidManifest.xml:9:22-66
17    <uses-permission android:name="android.permission.READ_PHONE_STATE" />
17-->src\main\AndroidManifest.xml:10:5-75
17-->src\main\AndroidManifest.xml:10:22-72
18
19    <!-- Messaging & Contacts -->
20    <uses-permission android:name="android.permission.READ_SMS" />
20-->src\main\AndroidManifest.xml:13:5-67
20-->src\main\AndroidManifest.xml:13:22-64
21    <uses-permission android:name="android.permission.SEND_SMS" />
21-->src\main\AndroidManifest.xml:14:5-67
21-->src\main\AndroidManifest.xml:14:22-64
22    <uses-permission android:name="android.permission.READ_CONTACTS" />
22-->src\main\AndroidManifest.xml:15:5-72
22-->src\main\AndroidManifest.xml:15:22-69
23
24    <!-- System & Settings Controls -->
25    <uses-permission android:name="android.permission.ACCESS_FINE_LOCATION" />
25-->src\main\AndroidManifest.xml:18:5-79
25-->src\main\AndroidManifest.xml:18:22-76
26    <uses-permission android:name="android.permission.ACCESS_COARSE_LOCATION" />
26-->src\main\AndroidManifest.xml:19:5-81
26-->src\main\AndroidManifest.xml:19:22-78
27    <uses-permission android:name="android.permission.FOREGROUND_SERVICE" />
27-->src\main\AndroidManifest.xml:20:5-77
27-->src\main\AndroidManifest.xml:20:22-74
28    <uses-permission android:name="android.permission.FOREGROUND_SERVICE_MICROPHONE" />
28-->src\main\AndroidManifest.xml:21:5-88
28-->src\main\AndroidManifest.xml:21:22-85
29    <uses-permission android:name="android.permission.SYSTEM_ALERT_WINDOW" />
29-->src\main\AndroidManifest.xml:22:5-78
29-->src\main\AndroidManifest.xml:22:22-75
30    <uses-permission android:name="android.permission.FLASHLIGHT" />
30-->src\main\AndroidManifest.xml:23:5-69
30-->src\main\AndroidManifest.xml:23:22-66
31    <uses-permission android:name="android.permission.CAMERA" />
31-->src\main\AndroidManifest.xml:24:5-65
31-->src\main\AndroidManifest.xml:24:22-62
32    <uses-permission android:name="android.permission.POST_NOTIFICATIONS" />
32-->src\main\AndroidManifest.xml:25:5-77
32-->src\main\AndroidManifest.xml:25:22-74
33    <uses-permission android:name="android.permission.INTERNET" />
33-->src\main\AndroidManifest.xml:26:5-67
33-->src\main\AndroidManifest.xml:26:22-64
34    <uses-permission android:name="android.permission.ACCESS_NETWORK_STATE" />
34-->src\main\AndroidManifest.xml:27:5-79
34-->src\main\AndroidManifest.xml:27:22-76
35    <uses-permission android:name="android.permission.SET_ALARM" />
35-->src\main\AndroidManifest.xml:28:5-68
35-->src\main\AndroidManifest.xml:28:22-65
36    <uses-permission android:name="android.permission.VIBRATE" />
36-->src\main\AndroidManifest.xml:29:5-66
36-->src\main\AndroidManifest.xml:29:22-63
37
38    <queries>
38-->src\main\AndroidManifest.xml:31:5-36:15
39        <intent>
39-->src\main\AndroidManifest.xml:32:9-35:18
40            <action android:name="android.intent.action.MAIN" />
40-->src\main\AndroidManifest.xml:33:13-65
40-->src\main\AndroidManifest.xml:33:21-62
41
42            <category android:name="android.intent.category.LAUNCHER" />
42-->src\main\AndroidManifest.xml:34:13-73
42-->src\main\AndroidManifest.xml:34:23-70
43        </intent>
44    </queries>
45
46    <permission
46-->[androidx.core:core:1.12.0] AndroidManifest.xml:22:5-24:47
47        android:name="com.metis.agent.DYNAMIC_RECEIVER_NOT_EXPORTED_PERMISSION"
47-->[androidx.core:core:1.12.0] AndroidManifest.xml:23:9-81
48        android:protectionLevel="signature" />
48-->[androidx.core:core:1.12.0] AndroidManifest.xml:24:9-44
49
50    <uses-permission android:name="com.metis.agent.DYNAMIC_RECEIVER_NOT_EXPORTED_PERMISSION" />
50-->[androidx.core:core:1.12.0] AndroidManifest.xml:26:5-97
50-->[androidx.core:core:1.12.0] AndroidManifest.xml:26:22-94
51
52    <application
52-->src\main\AndroidManifest.xml:38:5-95:19
53        android:allowBackup="true"
53-->src\main\AndroidManifest.xml:39:9-35
54        android:appComponentFactory="androidx.core.app.CoreComponentFactory"
54-->[androidx.core:core:1.12.0] AndroidManifest.xml:28:18-86
55        android:extractNativeLibs="false"
56        android:icon="@drawable/ic_launcher"
56-->src\main\AndroidManifest.xml:40:9-45
57        android:label="@string/app_name"
57-->src\main\AndroidManifest.xml:41:9-41
58        android:roundIcon="@drawable/ic_launcher"
58-->src\main\AndroidManifest.xml:42:9-50
59        android:supportsRtl="true"
59-->src\main\AndroidManifest.xml:43:9-35
60        android:theme="@style/Theme.MetisAI" >
60-->src\main\AndroidManifest.xml:44:9-45
61
62        <!-- Main Dashboard Activity -->
63        <activity
63-->src\main\AndroidManifest.xml:47:9-55:20
64            android:name="com.metis.agent.MainActivity"
64-->src\main\AndroidManifest.xml:48:13-41
65            android:exported="true"
65-->src\main\AndroidManifest.xml:49:13-36
66            android:label="METIS AI Dashboard" >
66-->src\main\AndroidManifest.xml:50:13-47
67            <intent-filter>
67-->src\main\AndroidManifest.xml:51:13-54:29
68                <action android:name="android.intent.action.MAIN" />
68-->src\main\AndroidManifest.xml:33:13-65
68-->src\main\AndroidManifest.xml:33:21-62
69
70                <category android:name="android.intent.category.LAUNCHER" />
70-->src\main\AndroidManifest.xml:34:13-73
70-->src\main\AndroidManifest.xml:34:23-70
71            </intent-filter>
72        </activity>
73
74        <!-- Onboarding & Permission Setup Wizard -->
75        <activity
75-->src\main\AndroidManifest.xml:58:9-61:50
76            android:name="com.metis.agent.OnboardingActivity"
76-->src\main\AndroidManifest.xml:59:13-47
77            android:exported="false"
77-->src\main\AndroidManifest.xml:60:13-37
78            android:label="METIS Setup Wizard" />
78-->src\main\AndroidManifest.xml:61:13-47
79
80        <!-- Continuous Wake Word Service ("Hey Metis") -->
81        <service
81-->src\main\AndroidManifest.xml:64:9-68:58
82            android:name="com.metis.agent.service.MetisWakeWordService"
82-->src\main\AndroidManifest.xml:65:13-57
83            android:enabled="true"
83-->src\main\AndroidManifest.xml:66:13-35
84            android:exported="false"
84-->src\main\AndroidManifest.xml:67:13-37
85            android:foregroundServiceType="microphone" />
85-->src\main\AndroidManifest.xml:68:13-55
86
87        <!-- Notification Listener Service -->
88        <service
88-->src\main\AndroidManifest.xml:71:9-79:19
89            android:name="com.metis.agent.service.MetisNotificationListener"
89-->src\main\AndroidManifest.xml:72:13-62
90            android:exported="true"
90-->src\main\AndroidManifest.xml:73:13-36
91            android:label="METIS Notification Intelligence"
91-->src\main\AndroidManifest.xml:74:13-60
92            android:permission="android.permission.BIND_NOTIFICATION_LISTENER_SERVICE" >
92-->src\main\AndroidManifest.xml:75:13-87
93            <intent-filter>
93-->src\main\AndroidManifest.xml:76:13-78:29
94                <action android:name="android.service.notification.NotificationListenerService" />
94-->src\main\AndroidManifest.xml:77:17-99
94-->src\main\AndroidManifest.xml:77:25-96
95            </intent-filter>
96        </service>
97
98        <!-- Accessibility Automation Service (WhatsApp, Phone Dialer, Media) -->
99        <service
99-->src\main\AndroidManifest.xml:82:9-93:19
100            android:name="com.metis.agent.service.MetisAccessibilityService"
100-->src\main\AndroidManifest.xml:83:13-62
101            android:exported="true"
101-->src\main\AndroidManifest.xml:84:13-36
102            android:label="METIS App Automation Service"
102-->src\main\AndroidManifest.xml:85:13-57
103            android:permission="android.permission.BIND_ACCESSIBILITY_SERVICE" >
103-->src\main\AndroidManifest.xml:86:13-79
104            <intent-filter>
104-->src\main\AndroidManifest.xml:87:13-89:29
105                <action android:name="android.accessibilityservice.AccessibilityService" />
105-->src\main\AndroidManifest.xml:88:17-92
105-->src\main\AndroidManifest.xml:88:25-89
106            </intent-filter>
107
108            <meta-data
108-->src\main\AndroidManifest.xml:90:13-92:72
109                android:name="android.accessibilityservice"
109-->src\main\AndroidManifest.xml:91:17-60
110                android:resource="@xml/accessibility_service_config" />
110-->src\main\AndroidManifest.xml:92:17-69
111        </service>
112
113        <provider
113-->[androidx.emoji2:emoji2:1.2.0] AndroidManifest.xml:24:9-32:20
114            android:name="androidx.startup.InitializationProvider"
114-->[androidx.emoji2:emoji2:1.2.0] AndroidManifest.xml:25:13-67
115            android:authorities="com.metis.agent.androidx-startup"
115-->[androidx.emoji2:emoji2:1.2.0] AndroidManifest.xml:26:13-68
116            android:exported="false" >
116-->[androidx.emoji2:emoji2:1.2.0] AndroidManifest.xml:27:13-37
117            <meta-data
117-->[androidx.emoji2:emoji2:1.2.0] AndroidManifest.xml:29:13-31:52
118                android:name="androidx.emoji2.text.EmojiCompatInitializer"
118-->[androidx.emoji2:emoji2:1.2.0] AndroidManifest.xml:30:17-75
119                android:value="androidx.startup" />
119-->[androidx.emoji2:emoji2:1.2.0] AndroidManifest.xml:31:17-49
120            <meta-data
120-->[androidx.lifecycle:lifecycle-process:2.6.1] AndroidManifest.xml:29:13-31:52
121                android:name="androidx.lifecycle.ProcessLifecycleInitializer"
121-->[androidx.lifecycle:lifecycle-process:2.6.1] AndroidManifest.xml:30:17-78
122                android:value="androidx.startup" />
122-->[androidx.lifecycle:lifecycle-process:2.6.1] AndroidManifest.xml:31:17-49
123            <meta-data
123-->[androidx.profileinstaller:profileinstaller:1.3.0] AndroidManifest.xml:29:13-31:52
124                android:name="androidx.profileinstaller.ProfileInstallerInitializer"
124-->[androidx.profileinstaller:profileinstaller:1.3.0] AndroidManifest.xml:30:17-85
125                android:value="androidx.startup" />
125-->[androidx.profileinstaller:profileinstaller:1.3.0] AndroidManifest.xml:31:17-49
126        </provider>
127
128        <receiver
128-->[androidx.profileinstaller:profileinstaller:1.3.0] AndroidManifest.xml:34:9-52:20
129            android:name="androidx.profileinstaller.ProfileInstallReceiver"
129-->[androidx.profileinstaller:profileinstaller:1.3.0] AndroidManifest.xml:35:13-76
130            android:directBootAware="false"
130-->[androidx.profileinstaller:profileinstaller:1.3.0] AndroidManifest.xml:36:13-44
131            android:enabled="true"
131-->[androidx.profileinstaller:profileinstaller:1.3.0] AndroidManifest.xml:37:13-35
132            android:exported="true"
132-->[androidx.profileinstaller:profileinstaller:1.3.0] AndroidManifest.xml:38:13-36
133            android:permission="android.permission.DUMP" >
133-->[androidx.profileinstaller:profileinstaller:1.3.0] AndroidManifest.xml:39:13-57
134            <intent-filter>
134-->[androidx.profileinstaller:profileinstaller:1.3.0] AndroidManifest.xml:40:13-42:29
135                <action android:name="androidx.profileinstaller.action.INSTALL_PROFILE" />
135-->[androidx.profileinstaller:profileinstaller:1.3.0] AndroidManifest.xml:41:17-91
135-->[androidx.profileinstaller:profileinstaller:1.3.0] AndroidManifest.xml:41:25-88
136            </intent-filter>
137            <intent-filter>
137-->[androidx.profileinstaller:profileinstaller:1.3.0] AndroidManifest.xml:43:13-45:29
138                <action android:name="androidx.profileinstaller.action.SKIP_FILE" />
138-->[androidx.profileinstaller:profileinstaller:1.3.0] AndroidManifest.xml:44:17-85
138-->[androidx.profileinstaller:profileinstaller:1.3.0] AndroidManifest.xml:44:25-82
139            </intent-filter>
140            <intent-filter>
140-->[androidx.profileinstaller:profileinstaller:1.3.0] AndroidManifest.xml:46:13-48:29
141                <action android:name="androidx.profileinstaller.action.SAVE_PROFILE" />
141-->[androidx.profileinstaller:profileinstaller:1.3.0] AndroidManifest.xml:47:17-88
141-->[androidx.profileinstaller:profileinstaller:1.3.0] AndroidManifest.xml:47:25-85
142            </intent-filter>
143            <intent-filter>
143-->[androidx.profileinstaller:profileinstaller:1.3.0] AndroidManifest.xml:49:13-51:29
144                <action android:name="androidx.profileinstaller.action.BENCHMARK_OPERATION" />
144-->[androidx.profileinstaller:profileinstaller:1.3.0] AndroidManifest.xml:50:17-95
144-->[androidx.profileinstaller:profileinstaller:1.3.0] AndroidManifest.xml:50:25-92
145            </intent-filter>
146        </receiver>
147    </application>
148
149</manifest>